2016-09-18 16:34 +00:00: 
ERROR: Refresh token expired. 
 
 Error
    at Error.UnauthorizedError (/srv/www/somenath-ghosh/core/server/errors/unauthorized-error.js:6:18)
    at then (/srv/www/somenath-ghosh/core/server/middleware/oauth.js:85:30)
    at tryCatcher (/srv/www/somenath-ghosh/node_modules/bluebird/js/main/util.js:24:31)
    at Promise._settlePromiseFromHandler (/srv/www/somenath-ghosh/node_modules/bluebird/js/main/promise.js:454:31)
    at Promise._settlePromiseAt (/srv/www/somenath-ghosh/node_modules/bluebird/js/main/promise.js:530:18)
    at Async._drainQueue (/srv/www/somenath-ghosh/node_modules/bluebird/js/main/async.js:182:12)
    at Async._drainQueues (/srv/www/somenath-ghosh/node_modules/bluebird/js/main/async.js:187:10)
    at Immediate.Async.drainQueues [as _onImmediate] (/srv/www/somenath-ghosh/node_modules/bluebird/js/main/async.js:15:14)
    at tryOnImmediate (timers.js:534:15)
    at processImmediate [as _immediateCallback] (timers.js:514:5) 

2016-09-18 16:35 +00:00: 
ERROR: You do not have permission to dismiss this notification. 
 
 Error
    at Error.NoPermissionError (/srv/www/somenath-ghosh/core/server/errors/no-permission-error.js:6:18)
    at destroyNotification (/srv/www/somenath-ghosh/core/server/api/notifications.js:143:21)
    at runTask (/srv/www/somenath-ghosh/core/server/utils/pipeline.js:8:24)
    at /srv/www/somenath-ghosh/core/server/utils/pipeline.js:15:32
    at tryCatcher (/srv/www/somenath-ghosh/node_modules/bluebird/js/main/util.js:24:31)
    at ReductionPromiseArray._promiseFulfilled (/srv/www/somenath-ghosh/node_modules/bluebird/js/main/reduce.js:107:18)
    at Promise._settlePromiseAt (/srv/www/somenath-ghosh/node_modules/bluebird/js/main/promise.js:535:26)
    at Promise._settlePromises (/srv/www/somenath-ghosh/node_modules/bluebird/js/main/promise.js:646:14)
    at Async._drainQueue (/srv/www/somenath-ghosh/node_modules/bluebird/js/main/async.js:177:16)
    at Async._drainQueues (/srv/www/somenath-ghosh/node_modules/bluebird/js/main/async.js:187:10)
    at Immediate.Async.drainQueues [as _onImmediate] (/srv/www/somenath-ghosh/node_modules/bluebird/js/main/async.js:15:14)
    at tryOnImmediate (timers.js:534:15)
    at processImmediate [as _immediateCallback] (timers.js:514:5) 

2016-09-18 16:35 +00:00: 
ERROR: You do not have permission to dismiss this notification. 
 
 Error
    at Error.NoPermissionError (/srv/www/somenath-ghosh/core/server/errors/no-permission-error.js:6:18)
    at destroyNotification (/srv/www/somenath-ghosh/core/server/api/notifications.js:143:21)
    at runTask (/srv/www/somenath-ghosh/core/server/utils/pipeline.js:8:24)
    at /srv/www/somenath-ghosh/core/server/utils/pipeline.js:15:32
    at tryCatcher (/srv/www/somenath-ghosh/node_modules/bluebird/js/main/util.js:24:31)
    at ReductionPromiseArray._promiseFulfilled (/srv/www/somenath-ghosh/node_modules/bluebird/js/main/reduce.js:107:18)
    at Promise._settlePromiseAt (/srv/www/somenath-ghosh/node_modules/bluebird/js/main/promise.js:535:26)
    at Promise._settlePromises (/srv/www/somenath-ghosh/node_modules/bluebird/js/main/promise.js:646:14)
    at Async._drainQueue (/srv/www/somenath-ghosh/node_modules/bluebird/js/main/async.js:177:16)
    at Async._drainQueues (/srv/www/somenath-ghosh/node_modules/bluebird/js/main/async.js:187:10)
    at Immediate.Async.drainQueues [as _onImmediate] (/srv/www/somenath-ghosh/node_modules/bluebird/js/main/async.js:15:14)
    at tryOnImmediate (timers.js:534:15)
    at processImmediate [as _immediateCallback] (timers.js:514:5) 

2016-09-20 16:07 +00:00: 
ERROR: You do not have permission to dismiss this notification. 
 
 Error
    at Error.NoPermissionError (/srv/www/somenath-ghosh/core/server/errors/no-permission-error.js:6:18)
    at destroyNotification (/srv/www/somenath-ghosh/core/server/api/notifications.js:143:21)
    at runTask (/srv/www/somenath-ghosh/core/server/utils/pipeline.js:8:24)
    at /srv/www/somenath-ghosh/core/server/utils/pipeline.js:15:32
    at tryCatcher (/srv/www/somenath-ghosh/node_modules/bluebird/js/main/util.js:24:31)
    at ReductionPromiseArray._promiseFulfilled (/srv/www/somenath-ghosh/node_modules/bluebird/js/main/reduce.js:107:18)
    at Promise._settlePromiseAt (/srv/www/somenath-ghosh/node_modules/bluebird/js/main/promise.js:535:26)
    at Promise._settlePromises (/srv/www/somenath-ghosh/node_modules/bluebird/js/main/promise.js:646:14)
    at Async._drainQueue (/srv/www/somenath-ghosh/node_modules/bluebird/js/main/async.js:177:16)
    at Async._drainQueues (/srv/www/somenath-ghosh/node_modules/bluebird/js/main/async.js:187:10)
    at Immediate.Async.drainQueues [as _onImmediate] (/srv/www/somenath-ghosh/node_modules/bluebird/js/main/async.js:15:14)
    at tryOnImmediate (timers.js:534:15)
    at processImmediate [as _immediateCallback] (timers.js:514:5) 

2016-09-20 16:07 +00:00: 
ERROR: You do not have permission to dismiss this notification. 
 
 Error
    at Error.NoPermissionError (/srv/www/somenath-ghosh/core/server/errors/no-permission-error.js:6:18)
    at destroyNotification (/srv/www/somenath-ghosh/core/server/api/notifications.js:143:21)
    at runTask (/srv/www/somenath-ghosh/core/server/utils/pipeline.js:8:24)
    at /srv/www/somenath-ghosh/core/server/utils/pipeline.js:15:32
    at tryCatcher (/srv/www/somenath-ghosh/node_modules/bluebird/js/main/util.js:24:31)
    at ReductionPromiseArray._promiseFulfilled (/srv/www/somenath-ghosh/node_modules/bluebird/js/main/reduce.js:107:18)
    at Promise._settlePromiseAt (/srv/www/somenath-ghosh/node_modules/bluebird/js/main/promise.js:535:26)
    at Promise._settlePromises (/srv/www/somenath-ghosh/node_modules/bluebird/js/main/promise.js:646:14)
    at Async._drainQueue (/srv/www/somenath-ghosh/node_modules/bluebird/js/main/async.js:177:16)
    at Async._drainQueues (/srv/www/somenath-ghosh/node_modules/bluebird/js/main/async.js:187:10)
    at Immediate.Async.drainQueues [as _onImmediate] (/srv/www/somenath-ghosh/node_modules/bluebird/js/main/async.js:15:14)
    at tryOnImmediate (timers.js:534:15)
    at processImmediate [as _immediateCallback] (timers.js:514:5) 

2016-09-20 16:07 +00:00: 
ERROR: Please select a valid image. 
 
 Error
    at Error.UnsupportedMediaTypeError (/srv/www/somenath-ghosh/core/server/errors/unsupported-media-type-error.js:6:18)
    at upload.add (/srv/www/somenath-ghosh/core/server/api/upload.js:35:35)
    at apiHandler (/srv/www/somenath-ghosh/core/server/api/index.js:208:16)
    at Layer.handle [as handle_request] (/srv/www/somenath-ghosh/node_modules/express/lib/router/layer.js:82:5)
    at next (/srv/www/somenath-ghosh/node_modules/express/lib/router/route.js:110:13)
    at Busboy.onFinish (/srv/www/somenath-ghosh/core/server/middleware/ghost-busboy.js:74:9)
    at emitNone (events.js:85:20)
    at Busboy.emit (events.js:179:7)
    at Busboy.emit (/srv/www/somenath-ghosh/node_modules/busboy/lib/main.js:31:35)
    at /srv/www/somenath-ghosh/node_modules/busboy/lib/types/multipart.js:52:13
    at _combinedTickCallback (internal/process/next_tick.js:67:7)
    at process._tickDomainCallback (internal/process/next_tick.js:122:9) 

2016-09-21 13:28 +00:00: 
ERROR: You do not have permission to dismiss this notification. 
 
 Error
    at Error.NoPermissionError (/srv/www/somenath-ghosh/core/server/errors/no-permission-error.js:6:18)
    at destroyNotification (/srv/www/somenath-ghosh/core/server/api/notifications.js:143:21)
    at runTask (/srv/www/somenath-ghosh/core/server/utils/pipeline.js:8:24)
    at /srv/www/somenath-ghosh/core/server/utils/pipeline.js:15:32
    at tryCatcher (/srv/www/somenath-ghosh/node_modules/bluebird/js/main/util.js:24:31)
    at ReductionPromiseArray._promiseFulfilled (/srv/www/somenath-ghosh/node_modules/bluebird/js/main/reduce.js:107:18)
    at Promise._settlePromiseAt (/srv/www/somenath-ghosh/node_modules/bluebird/js/main/promise.js:535:26)
    at Promise._settlePromises (/srv/www/somenath-ghosh/node_modules/bluebird/js/main/promise.js:646:14)
    at Async._drainQueue (/srv/www/somenath-ghosh/node_modules/bluebird/js/main/async.js:177:16)
    at Async._drainQueues (/srv/www/somenath-ghosh/node_modules/bluebird/js/main/async.js:187:10)
    at Immediate.Async.drainQueues [as _onImmediate] (/srv/www/somenath-ghosh/node_modules/bluebird/js/main/async.js:15:14)
    at tryOnImmediate (timers.js:534:15)
    at processImmediate [as _immediateCallback] (timers.js:514:5) 

2016-09-21 13:28 +00:00: 
ERROR: You do not have permission to dismiss this notification. 
 
 Error
    at Error.NoPermissionError (/srv/www/somenath-ghosh/core/server/errors/no-permission-error.js:6:18)
    at destroyNotification (/srv/www/somenath-ghosh/core/server/api/notifications.js:143:21)
    at runTask (/srv/www/somenath-ghosh/core/server/utils/pipeline.js:8:24)
    at /srv/www/somenath-ghosh/core/server/utils/pipeline.js:15:32
    at tryCatcher (/srv/www/somenath-ghosh/node_modules/bluebird/js/main/util.js:24:31)
    at ReductionPromiseArray._promiseFulfilled (/srv/www/somenath-ghosh/node_modules/bluebird/js/main/reduce.js:107:18)
    at Promise._settlePromiseAt (/srv/www/somenath-ghosh/node_modules/bluebird/js/main/promise.js:535:26)
    at Promise._settlePromises (/srv/www/somenath-ghosh/node_modules/bluebird/js/main/promise.js:646:14)
    at Async._drainQueue (/srv/www/somenath-ghosh/node_modules/bluebird/js/main/async.js:177:16)
    at Async._drainQueues (/srv/www/somenath-ghosh/node_modules/bluebird/js/main/async.js:187:10)
    at Immediate.Async.drainQueues [as _onImmediate] (/srv/www/somenath-ghosh/node_modules/bluebird/js/main/async.js:15:14)
    at tryOnImmediate (timers.js:534:15)
    at processImmediate [as _immediateCallback] (timers.js:514:5) 

2016-09-21 14:06 +00:00: 
ERROR: You do not have permission to dismiss this notification. 
 
 Error
    at Error.NoPermissionError (/srv/www/somenath-ghosh/core/server/errors/no-permission-error.js:6:18)
    at destroyNotification (/srv/www/somenath-ghosh/core/server/api/notifications.js:143:21)
    at runTask (/srv/www/somenath-ghosh/core/server/utils/pipeline.js:8:24)
    at /srv/www/somenath-ghosh/core/server/utils/pipeline.js:15:32
    at tryCatcher (/srv/www/somenath-ghosh/node_modules/bluebird/js/main/util.js:24:31)
    at ReductionPromiseArray._promiseFulfilled (/srv/www/somenath-ghosh/node_modules/bluebird/js/main/reduce.js:107:18)
    at Promise._settlePromiseAt (/srv/www/somenath-ghosh/node_modules/bluebird/js/main/promise.js:535:26)
    at Promise._settlePromises (/srv/www/somenath-ghosh/node_modules/bluebird/js/main/promise.js:646:14)
    at Async._drainQueue (/srv/www/somenath-ghosh/node_modules/bluebird/js/main/async.js:177:16)
    at Async._drainQueues (/srv/www/somenath-ghosh/node_modules/bluebird/js/main/async.js:187:10)
    at Immediate.Async.drainQueues [as _onImmediate] (/srv/www/somenath-ghosh/node_modules/bluebird/js/main/async.js:15:14)
    at tryOnImmediate (timers.js:534:15)
    at processImmediate [as _immediateCallback] (timers.js:514:5) 

2016-09-21 14:06 +00:00: 
ERROR: You do not have permission to dismiss this notification. 
 
 Error
    at Error.NoPermissionError (/srv/www/somenath-ghosh/core/server/errors/no-permission-error.js:6:18)
    at destroyNotification (/srv/www/somenath-ghosh/core/server/api/notifications.js:143:21)
    at runTask (/srv/www/somenath-ghosh/core/server/utils/pipeline.js:8:24)
    at /srv/www/somenath-ghosh/core/server/utils/pipeline.js:15:32
    at tryCatcher (/srv/www/somenath-ghosh/node_modules/bluebird/js/main/util.js:24:31)
    at ReductionPromiseArray._promiseFulfilled (/srv/www/somenath-ghosh/node_modules/bluebird/js/main/reduce.js:107:18)
    at Promise._settlePromiseAt (/srv/www/somenath-ghosh/node_modules/bluebird/js/main/promise.js:535:26)
    at Promise._settlePromises (/srv/www/somenath-ghosh/node_modules/bluebird/js/main/promise.js:646:14)
    at Async._drainQueue (/srv/www/somenath-ghosh/node_modules/bluebird/js/main/async.js:177:16)
    at Async._drainQueues (/srv/www/somenath-ghosh/node_modules/bluebird/js/main/async.js:187:10)
    at Immediate.Async.drainQueues [as _onImmediate] (/srv/www/somenath-ghosh/node_modules/bluebird/js/main/async.js:15:14)
    at tryOnImmediate (timers.js:534:15)
    at processImmediate [as _immediateCallback] (timers.js:514:5) 

2016-09-21 14:47 +00:00: 
ERROR: You do not have permission to dismiss this notification. 
 
 Error
    at Error.NoPermissionError (/srv/www/somenath-ghosh/core/server/errors/no-permission-error.js:6:18)
    at destroyNotification (/srv/www/somenath-ghosh/core/server/api/notifications.js:143:21)
    at runTask (/srv/www/somenath-ghosh/core/server/utils/pipeline.js:8:24)
    at /srv/www/somenath-ghosh/core/server/utils/pipeline.js:15:32
    at tryCatcher (/srv/www/somenath-ghosh/node_modules/bluebird/js/main/util.js:24:31)
    at ReductionPromiseArray._promiseFulfilled (/srv/www/somenath-ghosh/node_modules/bluebird/js/main/reduce.js:107:18)
    at Promise._settlePromiseAt (/srv/www/somenath-ghosh/node_modules/bluebird/js/main/promise.js:535:26)
    at Promise._settlePromises (/srv/www/somenath-ghosh/node_modules/bluebird/js/main/promise.js:646:14)
    at Async._drainQueue (/srv/www/somenath-ghosh/node_modules/bluebird/js/main/async.js:177:16)
    at Async._drainQueues (/srv/www/somenath-ghosh/node_modules/bluebird/js/main/async.js:187:10)
    at Immediate.Async.drainQueues [as _onImmediate] (/srv/www/somenath-ghosh/node_modules/bluebird/js/main/async.js:15:14)
    at tryOnImmediate (timers.js:534:15)
    at processImmediate [as _immediateCallback] (timers.js:514:5) 

2016-09-21 14:47 +00:00: 
ERROR: You do not have permission to dismiss this notification. 
 
 Error
    at Error.NoPermissionError (/srv/www/somenath-ghosh/core/server/errors/no-permission-error.js:6:18)
    at destroyNotification (/srv/www/somenath-ghosh/core/server/api/notifications.js:143:21)
    at runTask (/srv/www/somenath-ghosh/core/server/utils/pipeline.js:8:24)
    at /srv/www/somenath-ghosh/core/server/utils/pipeline.js:15:32
    at tryCatcher (/srv/www/somenath-ghosh/node_modules/bluebird/js/main/util.js:24:31)
    at ReductionPromiseArray._promiseFulfilled (/srv/www/somenath-ghosh/node_modules/bluebird/js/main/reduce.js:107:18)
    at Promise._settlePromiseAt (/srv/www/somenath-ghosh/node_modules/bluebird/js/main/promise.js:535:26)
    at Promise._settlePromises (/srv/www/somenath-ghosh/node_modules/bluebird/js/main/promise.js:646:14)
    at Async._drainQueue (/srv/www/somenath-ghosh/node_modules/bluebird/js/main/async.js:177:16)
    at Async._drainQueues (/srv/www/somenath-ghosh/node_modules/bluebird/js/main/async.js:187:10)
    at Immediate.Async.drainQueues [as _onImmediate] (/srv/www/somenath-ghosh/node_modules/bluebird/js/main/async.js:15:14)
    at tryOnImmediate (timers.js:534:15)
    at processImmediate [as _immediateCallback] (timers.js:514:5) 

2016-09-21 15:37 +00:00: 
ERROR: You do not have permission to dismiss this notification. 
 
 Error
    at Error.NoPermissionError (/srv/www/somenath-ghosh/core/server/errors/no-permission-error.js:6:18)
    at destroyNotification (/srv/www/somenath-ghosh/core/server/api/notifications.js:143:21)
    at runTask (/srv/www/somenath-ghosh/core/server/utils/pipeline.js:8:24)
    at /srv/www/somenath-ghosh/core/server/utils/pipeline.js:15:32
    at tryCatcher (/srv/www/somenath-ghosh/node_modules/bluebird/js/main/util.js:24:31)
    at ReductionPromiseArray._promiseFulfilled (/srv/www/somenath-ghosh/node_modules/bluebird/js/main/reduce.js:107:18)
    at Promise._settlePromiseAt (/srv/www/somenath-ghosh/node_modules/bluebird/js/main/promise.js:535:26)
    at Promise._settlePromises (/srv/www/somenath-ghosh/node_modules/bluebird/js/main/promise.js:646:14)
    at Async._drainQueue (/srv/www/somenath-ghosh/node_modules/bluebird/js/main/async.js:177:16)
    at Async._drainQueues (/srv/www/somenath-ghosh/node_modules/bluebird/js/main/async.js:187:10)
    at Immediate.Async.drainQueues [as _onImmediate] (/srv/www/somenath-ghosh/node_modules/bluebird/js/main/async.js:15:14)
    at tryOnImmediate (timers.js:534:15)
    at processImmediate [as _immediateCallback] (timers.js:514:5) 

2016-09-21 15:37 +00:00: 
ERROR: You do not have permission to dismiss this notification. 
 
 Error
    at Error.NoPermissionError (/srv/www/somenath-ghosh/core/server/errors/no-permission-error.js:6:18)
    at destroyNotification (/srv/www/somenath-ghosh/core/server/api/notifications.js:143:21)
    at runTask (/srv/www/somenath-ghosh/core/server/utils/pipeline.js:8:24)
    at /srv/www/somenath-ghosh/core/server/utils/pipeline.js:15:32
    at tryCatcher (/srv/www/somenath-ghosh/node_modules/bluebird/js/main/util.js:24:31)
    at ReductionPromiseArray._promiseFulfilled (/srv/www/somenath-ghosh/node_modules/bluebird/js/main/reduce.js:107:18)
    at Promise._settlePromiseAt (/srv/www/somenath-ghosh/node_modules/bluebird/js/main/promise.js:535:26)
    at Promise._settlePromises (/srv/www/somenath-ghosh/node_modules/bluebird/js/main/promise.js:646:14)
    at Async._drainQueue (/srv/www/somenath-ghosh/node_modules/bluebird/js/main/async.js:177:16)
    at Async._drainQueues (/srv/www/somenath-ghosh/node_modules/bluebird/js/main/async.js:187:10)
    at Immediate.Async.drainQueues [as _onImmediate] (/srv/www/somenath-ghosh/node_modules/bluebird/js/main/async.js:15:14)
    at tryOnImmediate (timers.js:534:15)
    at processImmediate [as _immediateCallback] (timers.js:514:5) 

2016-09-26 11:57 +00:00: Error: read ECONNRESET
    at exports._errnoException (util.js:890:11)
    at TLSWrap.onread (net.js:552:26)
2016-09-26 16:31 +00:00: 
ERROR: You do not have permission to dismiss this notification. 
 
 Error
    at Error.NoPermissionError (/srv/www/somenath-ghosh/core/server/errors/no-permission-error.js:6:18)
    at destroyNotification (/srv/www/somenath-ghosh/core/server/api/notifications.js:143:21)
    at runTask (/srv/www/somenath-ghosh/core/server/utils/pipeline.js:8:24)
    at /srv/www/somenath-ghosh/core/server/utils/pipeline.js:15:32
    at tryCatcher (/srv/www/somenath-ghosh/node_modules/bluebird/js/main/util.js:24:31)
    at ReductionPromiseArray._promiseFulfilled (/srv/www/somenath-ghosh/node_modules/bluebird/js/main/reduce.js:107:18)
    at Promise._settlePromiseAt (/srv/www/somenath-ghosh/node_modules/bluebird/js/main/promise.js:535:26)
    at Promise._settlePromises (/srv/www/somenath-ghosh/node_modules/bluebird/js/main/promise.js:646:14)
    at Async._drainQueue (/srv/www/somenath-ghosh/node_modules/bluebird/js/main/async.js:177:16)
    at Async._drainQueues (/srv/www/somenath-ghosh/node_modules/bluebird/js/main/async.js:187:10)
    at Immediate.Async.drainQueues [as _onImmediate] (/srv/www/somenath-ghosh/node_modules/bluebird/js/main/async.js:15:14)
    at tryOnImmediate (timers.js:534:15)
    at processImmediate [as _immediateCallback] (timers.js:514:5) 

2016-09-27 14:03 +00:00: 
ERROR: You do not have permission to dismiss this notification. 
 
 Error
    at Error.NoPermissionError (/srv/www/somenath-ghosh/core/server/errors/no-permission-error.js:6:18)
    at destroyNotification (/srv/www/somenath-ghosh/core/server/api/notifications.js:143:21)
    at runTask (/srv/www/somenath-ghosh/core/server/utils/pipeline.js:8:24)
    at /srv/www/somenath-ghosh/core/server/utils/pipeline.js:15:32
    at tryCatcher (/srv/www/somenath-ghosh/node_modules/bluebird/js/main/util.js:24:31)
    at ReductionPromiseArray._promiseFulfilled (/srv/www/somenath-ghosh/node_modules/bluebird/js/main/reduce.js:107:18)
    at Promise._settlePromiseAt (/srv/www/somenath-ghosh/node_modules/bluebird/js/main/promise.js:535:26)
    at Promise._settlePromises (/srv/www/somenath-ghosh/node_modules/bluebird/js/main/promise.js:646:14)
    at Async._drainQueue (/srv/www/somenath-ghosh/node_modules/bluebird/js/main/async.js:177:16)
    at Async._drainQueues (/srv/www/somenath-ghosh/node_modules/bluebird/js/main/async.js:187:10)
    at Immediate.Async.drainQueues [as _onImmediate] (/srv/www/somenath-ghosh/node_modules/bluebird/js/main/async.js:15:14)
    at tryOnImmediate (timers.js:534:15)
    at processImmediate [as _immediateCallback] (timers.js:514:5) 

2016-09-28 03:49 +00:00: 
ERROR: You do not have permission to dismiss this notification. 
 
 Error
    at Error.NoPermissionError (/srv/www/somenath-ghosh/core/server/errors/no-permission-error.js:6:18)
    at destroyNotification (/srv/www/somenath-ghosh/core/server/api/notifications.js:143:21)
    at runTask (/srv/www/somenath-ghosh/core/server/utils/pipeline.js:8:24)
    at /srv/www/somenath-ghosh/core/server/utils/pipeline.js:15:32
    at tryCatcher (/srv/www/somenath-ghosh/node_modules/bluebird/js/main/util.js:24:31)
    at ReductionPromiseArray._promiseFulfilled (/srv/www/somenath-ghosh/node_modules/bluebird/js/main/reduce.js:107:18)
    at Promise._settlePromiseAt (/srv/www/somenath-ghosh/node_modules/bluebird/js/main/promise.js:535:26)
    at Promise._settlePromises (/srv/www/somenath-ghosh/node_modules/bluebird/js/main/promise.js:646:14)
    at Async._drainQueue (/srv/www/somenath-ghosh/node_modules/bluebird/js/main/async.js:177:16)
    at Async._drainQueues (/srv/www/somenath-ghosh/node_modules/bluebird/js/main/async.js:187:10)
    at Immediate.Async.drainQueues [as _onImmediate] (/srv/www/somenath-ghosh/node_modules/bluebird/js/main/async.js:15:14)
    at tryOnImmediate (timers.js:534:15)
    at processImmediate [as _immediateCallback] (timers.js:514:5) 

2016-09-28 09:16 +00:00: 
ERROR: Please Sign In 
 

2016-09-28 09:16 +00:00: 
ERROR: Please Sign In 
 

2016-09-28 09:16 +00:00: 
ERROR: Please Sign In 
 

2016-09-28 09:16 +00:00: 
ERROR: You do not have permission to dismiss this notification. 
 
 Error
    at Error.NoPermissionError (/srv/www/somenath-ghosh/core/server/errors/no-permission-error.js:6:18)
    at destroyNotification (/srv/www/somenath-ghosh/core/server/api/notifications.js:143:21)
    at runTask (/srv/www/somenath-ghosh/core/server/utils/pipeline.js:8:24)
    at /srv/www/somenath-ghosh/core/server/utils/pipeline.js:15:32
    at tryCatcher (/srv/www/somenath-ghosh/node_modules/bluebird/js/main/util.js:24:31)
    at ReductionPromiseArray._promiseFulfilled (/srv/www/somenath-ghosh/node_modules/bluebird/js/main/reduce.js:107:18)
    at Promise._settlePromiseAt (/srv/www/somenath-ghosh/node_modules/bluebird/js/main/promise.js:535:26)
    at Promise._settlePromises (/srv/www/somenath-ghosh/node_modules/bluebird/js/main/promise.js:646:14)
    at Async._drainQueue (/srv/www/somenath-ghosh/node_modules/bluebird/js/main/async.js:177:16)
    at Async._drainQueues (/srv/www/somenath-ghosh/node_modules/bluebird/js/main/async.js:187:10)
    at Immediate.Async.drainQueues [as _onImmediate] (/srv/www/somenath-ghosh/node_modules/bluebird/js/main/async.js:15:14)
    at tryOnImmediate (timers.js:534:15)
    at processImmediate [as _immediateCallback] (timers.js:514:5) 

2016-09-28 09:16 +00:00: 
ERROR: Please Sign In 
 

2016-09-28 09:16 +00:00: 
ERROR: Please Sign In 
 

2016-09-28 09:16 +00:00: 
ERROR: Please Sign In 
 

2016-09-28 09:16 +00:00: 
ERROR: Please Sign In 
 

2016-09-28 09:20 +00:00: 
ERROR: Please Sign In 
 

2016-09-28 14:29 +00:00: 
ERROR: You do not have permission to dismiss this notification. 
 
 Error
    at Error.NoPermissionError (/srv/www/somenath-ghosh/core/server/errors/no-permission-error.js:6:18)
    at destroyNotification (/srv/www/somenath-ghosh/core/server/api/notifications.js:143:21)
    at runTask (/srv/www/somenath-ghosh/core/server/utils/pipeline.js:8:24)
    at /srv/www/somenath-ghosh/core/server/utils/pipeline.js:15:32
    at tryCatcher (/srv/www/somenath-ghosh/node_modules/bluebird/js/main/util.js:24:31)
    at ReductionPromiseArray._promiseFulfilled (/srv/www/somenath-ghosh/node_modules/bluebird/js/main/reduce.js:107:18)
    at Promise._settlePromiseAt (/srv/www/somenath-ghosh/node_modules/bluebird/js/main/promise.js:535:26)
    at Promise._settlePromises (/srv/www/somenath-ghosh/node_modules/bluebird/js/main/promise.js:646:14)
    at Async._drainQueue (/srv/www/somenath-ghosh/node_modules/bluebird/js/main/async.js:177:16)
    at Async._drainQueues (/srv/www/somenath-ghosh/node_modules/bluebird/js/main/async.js:187:10)
    at Immediate.Async.drainQueues [as _onImmediate] (/srv/www/somenath-ghosh/node_modules/bluebird/js/main/async.js:15:14)
    at tryOnImmediate (timers.js:534:15)
    at processImmediate [as _immediateCallback] (timers.js:514:5) 

2016-09-29 15:41 +00:00: 
ERROR: You do not have permission to dismiss this notification. 
 
 Error
    at Error.NoPermissionError (/srv/www/somenath-ghosh/core/server/errors/no-permission-error.js:6:18)
    at destroyNotification (/srv/www/somenath-ghosh/core/server/api/notifications.js:143:21)
    at runTask (/srv/www/somenath-ghosh/core/server/utils/pipeline.js:8:24)
    at /srv/www/somenath-ghosh/core/server/utils/pipeline.js:15:32
    at tryCatcher (/srv/www/somenath-ghosh/node_modules/bluebird/js/main/util.js:24:31)
    at ReductionPromiseArray._promiseFulfilled (/srv/www/somenath-ghosh/node_modules/bluebird/js/main/reduce.js:107:18)
    at Promise._settlePromiseAt (/srv/www/somenath-ghosh/node_modules/bluebird/js/main/promise.js:535:26)
    at Promise._settlePromises (/srv/www/somenath-ghosh/node_modules/bluebird/js/main/promise.js:646:14)
    at Async._drainQueue (/srv/www/somenath-ghosh/node_modules/bluebird/js/main/async.js:177:16)
    at Async._drainQueues (/srv/www/somenath-ghosh/node_modules/bluebird/js/main/async.js:187:10)
    at Immediate.Async.drainQueues [as _onImmediate] (/srv/www/somenath-ghosh/node_modules/bluebird/js/main/async.js:15:14)
    at tryOnImmediate (timers.js:534:15)
    at processImmediate [as _immediateCallback] (timers.js:514:5) 

2016-11-01 19:41 +00:00: error: terminating connection due to administrator command
    at Connection.parseE (/srv/www/somenath-ghosh/node_modules/pg/lib/connection.js:534:11)
    at Connection.parseMessage (/srv/www/somenath-ghosh/node_modules/pg/lib/connection.js:361:17)
    at TLSSocket.<anonymous> (/srv/www/somenath-ghosh/node_modules/pg/lib/connection.js:105:22)
    at emitOne (events.js:90:13)
    at TLSSocket.emit (events.js:182:7)
    at readableAddChunk (_stream_readable.js:153:18)
    at TLSSocket.Readable.push (_stream_readable.js:111:10)
    at TLSWrap.onread (net.js:531:20)
2016-11-01 19:41 +00:00: 
ERROR: the database system is shutting down 
 
 error: the database system is shutting down
    at Connection.parseE (/srv/www/somenath-ghosh/node_modules/pg/lib/connection.js:534:11)
    at Connection.parseMessage (/srv/www/somenath-ghosh/node_modules/pg/lib/connection.js:361:17)
    at TLSSocket.<anonymous> (/srv/www/somenath-ghosh/node_modules/pg/lib/connection.js:105:22)
    at emitOne (events.js:90:13)
    at TLSSocket.emit (events.js:182:7)
    at readableAddChunk (_stream_readable.js:153:18)
    at TLSSocket.Readable.push (_stream_readable.js:111:10)
    at TLSWrap.onread (net.js:531:20) 

2016-11-01 19:41 +00:00: 
ERROR: connect ECONNREFUSED 54.243.149.147:5432 
 
 Error: connect ECONNREFUSED 54.243.149.147:5432
    at Object.exports._errnoException (util.js:890:11)
    at exports._exceptionWithHostPort (util.js:913:20)
    at TCPConnectWrap.afterConnect [as oncomplete] (net.js:1061:14) 

2016-11-01 19:41 +00:00: 
ERROR: connect ECONNREFUSED 54.243.149.147:5432 
 
 Error: connect ECONNREFUSED 54.243.149.147:5432
    at Object.exports._errnoException (util.js:890:11)
    at exports._exceptionWithHostPort (util.js:913:20)
    at TCPConnectWrap.afterConnect [as oncomplete] (net.js:1061:14) 

2016-11-01 19:41 +00:00: 
ERROR: connect ECONNREFUSED 54.243.149.147:5432 
 
 Error: connect ECONNREFUSED 54.243.149.147:5432
    at Object.exports._errnoException (util.js:890:11)
    at exports._exceptionWithHostPort (util.js:913:20)
    at TCPConnectWrap.afterConnect [as oncomplete] (net.js:1061:14) 

2016-11-01 19:41 +00:00: 
ERROR: connect ECONNREFUSED 54.243.149.147:5432 
 
 Error: connect ECONNREFUSED 54.243.149.147:5432
    at Object.exports._errnoException (util.js:890:11)
    at exports._exceptionWithHostPort (util.js:913:20)
    at TCPConnectWrap.afterConnect [as oncomplete] (net.js:1061:14) 

2016-11-01 19:41 +00:00: 
ERROR: connect ECONNREFUSED 54.243.149.147:5432 
 
 Error: connect ECONNREFUSED 54.243.149.147:5432
    at Object.exports._errnoException (util.js:890:11)
    at exports._exceptionWithHostPort (util.js:913:20)
    at TCPConnectWrap.afterConnect [as oncomplete] (net.js:1061:14) 

2016-11-01 19:41 +00:00: 
ERROR: connect ECONNREFUSED 54.243.149.147:5432 
 
 Error: connect ECONNREFUSED 54.243.149.147:5432
    at Object.exports._errnoException (util.js:890:11)
    at exports._exceptionWithHostPort (util.js:913:20)
    at TCPConnectWrap.afterConnect [as oncomplete] (net.js:1061:14) 

2016-11-01 19:41 +00:00: 
ERROR: connect ECONNREFUSED 54.243.149.147:5432 
 
 Error: connect ECONNREFUSED 54.243.149.147:5432
    at Object.exports._errnoException (util.js:890:11)
    at exports._exceptionWithHostPort (util.js:913:20)
    at TCPConnectWrap.afterConnect [as oncomplete] (net.js:1061:14) 

2016-11-01 19:41 +00:00: 
ERROR: connect ECONNREFUSED 54.243.149.147:5432 
 
 Error: connect ECONNREFUSED 54.243.149.147:5432
    at Object.exports._errnoException (util.js:890:11)
    at exports._exceptionWithHostPort (util.js:913:20)
    at TCPConnectWrap.afterConnect [as oncomplete] (net.js:1061:14) 

2016-11-01 19:41 +00:00: 
ERROR: connect ECONNREFUSED 54.243.149.147:5432 
 
 Error: connect ECONNREFUSED 54.243.149.147:5432
    at Object.exports._errnoException (util.js:890:11)
    at exports._exceptionWithHostPort (util.js:913:20)
    at TCPConnectWrap.afterConnect [as oncomplete] (net.js:1061:14) 

2016-11-01 19:41 +00:00: 
ERROR: connect ECONNREFUSED 54.243.149.147:5432 
 
 Error: connect ECONNREFUSED 54.243.149.147:5432
    at Object.exports._errnoException (util.js:890:11)
    at exports._exceptionWithHostPort (util.js:913:20)
    at TCPConnectWrap.afterConnect [as oncomplete] (net.js:1061:14) 

2016-11-01 19:41 +00:00: 
ERROR: connect ECONNREFUSED 54.243.149.147:5432 
 
 Error: connect ECONNREFUSED 54.243.149.147:5432
    at Object.exports._errnoException (util.js:890:11)
    at exports._exceptionWithHostPort (util.js:913:20)
    at TCPConnectWrap.afterConnect [as oncomplete] (net.js:1061:14) 

2016-11-01 19:41 +00:00: 
ERROR: connect ECONNREFUSED 54.243.149.147:5432 
 
 Error: connect ECONNREFUSED 54.243.149.147:5432
    at Object.exports._errnoException (util.js:890:11)
    at exports._exceptionWithHostPort (util.js:913:20)
    at TCPConnectWrap.afterConnect [as oncomplete] (net.js:1061:14) 

2016-11-01 19:41 +00:00: 
ERROR: connect ECONNREFUSED 54.243.149.147:5432 
 
 Error: connect ECONNREFUSED 54.243.149.147:5432
    at Object.exports._errnoException (util.js:890:11)
    at exports._exceptionWithHostPort (util.js:913:20)
    at TCPConnectWrap.afterConnect [as oncomplete] (net.js:1061:14) 

2016-11-01 19:41 +00:00: 
ERROR: connect ECONNREFUSED 54.243.149.147:5432 
 
 Error: connect ECONNREFUSED 54.243.149.147:5432
    at Object.exports._errnoException (util.js:890:11)
    at exports._exceptionWithHostPort (util.js:913:20)
    at TCPConnectWrap.afterConnect [as oncomplete] (net.js:1061:14) 

2016-11-01 19:41 +00:00: 
ERROR: connect ECONNREFUSED 54.243.149.147:5432 
 
 Error: connect ECONNREFUSED 54.243.149.147:5432
    at Object.exports._errnoException (util.js:890:11)
    at exports._exceptionWithHostPort (util.js:913:20)
    at TCPConnectWrap.afterConnect [as oncomplete] (net.js:1061:14) 

2016-11-01 19:41 +00:00: 
ERROR: connect ECONNREFUSED 54.243.149.147:5432 
 
 Error: connect ECONNREFUSED 54.243.149.147:5432
    at Object.exports._errnoException (util.js:890:11)
    at exports._exceptionWithHostPort (util.js:913:20)
    at TCPConnectWrap.afterConnect [as oncomplete] (net.js:1061:14) 

2016-11-01 19:41 +00:00: 
ERROR: connect ECONNREFUSED 54.243.149.147:5432 
 
 Error: connect ECONNREFUSED 54.243.149.147:5432
    at Object.exports._errnoException (util.js:890:11)
    at exports._exceptionWithHostPort (util.js:913:20)
    at TCPConnectWrap.afterConnect [as oncomplete] (net.js:1061:14) 

2016-11-01 19:41 +00:00: 
ERROR: connect ECONNREFUSED 54.243.149.147:5432 
 
 Error: connect ECONNREFUSED 54.243.149.147:5432
    at Object.exports._errnoException (util.js:890:11)
    at exports._exceptionWithHostPort (util.js:913:20)
    at TCPConnectWrap.afterConnect [as oncomplete] (net.js:1061:14) 

2016-11-01 19:41 +00:00: 
ERROR: connect ECONNREFUSED 54.243.149.147:5432 
 
 Error: connect ECONNREFUSED 54.243.149.147:5432
    at Object.exports._errnoException (util.js:890:11)
    at exports._exceptionWithHostPort (util.js:913:20)
    at TCPConnectWrap.afterConnect [as oncomplete] (net.js:1061:14) 

2016-11-01 19:41 +00:00: 
ERROR: connect ECONNREFUSED 54.243.149.147:5432 
 
 Error: connect ECONNREFUSED 54.243.149.147:5432
    at Object.exports._errnoException (util.js:890:11)
    at exports._exceptionWithHostPort (util.js:913:20)
    at TCPConnectWrap.afterConnect [as oncomplete] (net.js:1061:14) 

2016-11-01 19:41 +00:00: 
ERROR: connect ECONNREFUSED 54.243.149.147:5432 
 
 Error: connect ECONNREFUSED 54.243.149.147:5432
    at Object.exports._errnoException (util.js:890:11)
    at exports._exceptionWithHostPort (util.js:913:20)
    at TCPConnectWrap.afterConnect [as oncomplete] (net.js:1061:14) 

2016-11-01 19:41 +00:00: 
ERROR: connect ECONNREFUSED 54.243.149.147:5432 
 
 Error: connect ECONNREFUSED 54.243.149.147:5432
    at Object.exports._errnoException (util.js:890:11)
    at exports._exceptionWithHostPort (util.js:913:20)
    at TCPConnectWrap.afterConnect [as oncomplete] (net.js:1061:14) 

2016-11-01 19:41 +00:00: 
ERROR: connect ECONNREFUSED 54.243.149.147:5432 
 
 Error: connect ECONNREFUSED 54.243.149.147:5432
    at Object.exports._errnoException (util.js:890:11)
    at exports._exceptionWithHostPort (util.js:913:20)
    at TCPConnectWrap.afterConnect [as oncomplete] (net.js:1061:14) 

2016-11-01 19:41 +00:00: 
ERROR: connect ECONNREFUSED 54.243.149.147:5432 
 
 Error: connect ECONNREFUSED 54.243.149.147:5432
    at Object.exports._errnoException (util.js:890:11)
    at exports._exceptionWithHostPort (util.js:913:20)
    at TCPConnectWrap.afterConnect [as oncomplete] (net.js:1061:14) 

2016-11-01 19:41 +00:00: 
ERROR: connect ECONNREFUSED 54.243.149.147:5432 
 
 Error: connect ECONNREFUSED 54.243.149.147:5432
    at Object.exports._errnoException (util.js:890:11)
    at exports._exceptionWithHostPort (util.js:913:20)
    at TCPConnectWrap.afterConnect [as oncomplete] (net.js:1061:14) 

2016-11-01 19:41 +00:00: 
ERROR: connect ECONNREFUSED 54.243.149.147:5432 
 
 Error: connect ECONNREFUSED 54.243.149.147:5432
    at Object.exports._errnoException (util.js:890:11)
    at exports._exceptionWithHostPort (util.js:913:20)
    at TCPConnectWrap.afterConnect [as oncomplete] (net.js:1061:14) 

2016-11-01 19:41 +00:00: 
ERROR: connect ECONNREFUSED 54.243.149.147:5432 
 
 Error: connect ECONNREFUSED 54.243.149.147:5432
    at Object.exports._errnoException (util.js:890:11)
    at exports._exceptionWithHostPort (util.js:913:20)
    at TCPConnectWrap.afterConnect [as oncomplete] (net.js:1061:14) 

2016-11-01 19:41 +00:00: 
ERROR: connect ECONNREFUSED 54.243.149.147:5432 
 
 Error: connect ECONNREFUSED 54.243.149.147:5432
    at Object.exports._errnoException (util.js:890:11)
    at exports._exceptionWithHostPort (util.js:913:20)
    at TCPConnectWrap.afterConnect [as oncomplete] (net.js:1061:14) 

2016-11-01 19:41 +00:00: 
ERROR: connect ECONNREFUSED 54.243.149.147:5432 
 
 Error: connect ECONNREFUSED 54.243.149.147:5432
    at Object.exports._errnoException (util.js:890:11)
    at exports._exceptionWithHostPort (util.js:913:20)
    at TCPConnectWrap.afterConnect [as oncomplete] (net.js:1061:14) 

2016-11-01 19:41 +00:00: 
ERROR: connect ECONNREFUSED 54.243.149.147:5432 
 
 Error: connect ECONNREFUSED 54.243.149.147:5432
    at Object.exports._errnoException (util.js:890:11)
    at exports._exceptionWithHostPort (util.js:913:20)
    at TCPConnectWrap.afterConnect [as oncomplete] (net.js:1061:14) 

2016-11-01 19:41 +00:00: 
ERROR: connect ECONNREFUSED 54.243.149.147:5432 
 
 Error: connect ECONNREFUSED 54.243.149.147:5432
    at Object.exports._errnoException (util.js:890:11)
    at exports._exceptionWithHostPort (util.js:913:20)
    at TCPConnectWrap.afterConnect [as oncomplete] (net.js:1061:14) 

2016-11-01 19:41 +00:00: 
ERROR: connect ECONNREFUSED 54.243.149.147:5432 
 
 Error: connect ECONNREFUSED 54.243.149.147:5432
    at Object.exports._errnoException (util.js:890:11)
    at exports._exceptionWithHostPort (util.js:913:20)
    at TCPConnectWrap.afterConnect [as oncomplete] (net.js:1061:14) 

2016-11-01 19:41 +00:00: 
ERROR: connect ECONNREFUSED 54.243.149.147:5432 
 
 Error: connect ECONNREFUSED 54.243.149.147:5432
    at Object.exports._errnoException (util.js:890:11)
    at exports._exceptionWithHostPort (util.js:913:20)
    at TCPConnectWrap.afterConnect [as oncomplete] (net.js:1061:14) 

2016-11-01 19:41 +00:00: 
ERROR: connect ECONNREFUSED 54.243.149.147:5432 
 
 Error: connect ECONNREFUSED 54.243.149.147:5432
    at Object.exports._errnoException (util.js:890:11)
    at exports._exceptionWithHostPort (util.js:913:20)
    at TCPConnectWrap.afterConnect [as oncomplete] (net.js:1061:14) 

2016-11-01 19:41 +00:00: 
ERROR: connect ECONNREFUSED 54.243.149.147:5432 
 
 Error: connect ECONNREFUSED 54.243.149.147:5432
    at Object.exports._errnoException (util.js:890:11)
    at exports._exceptionWithHostPort (util.js:913:20)
    at TCPConnectWrap.afterConnect [as oncomplete] (net.js:1061:14) 

2016-11-01 19:41 +00:00: 
ERROR: connect ECONNREFUSED 54.243.149.147:5432 
 
 Error: connect ECONNREFUSED 54.243.149.147:5432
    at Object.exports._errnoException (util.js:890:11)
    at exports._exceptionWithHostPort (util.js:913:20)
    at TCPConnectWrap.afterConnect [as oncomplete] (net.js:1061:14) 

2016-11-01 19:41 +00:00: 
ERROR: connect ECONNREFUSED 54.243.149.147:5432 
 
 Error: connect ECONNREFUSED 54.243.149.147:5432
    at Object.exports._errnoException (util.js:890:11)
    at exports._exceptionWithHostPort (util.js:913:20)
    at TCPConnectWrap.afterConnect [as oncomplete] (net.js:1061:14) 

2016-11-01 19:41 +00:00: 
ERROR: connect ECONNREFUSED 54.243.149.147:5432 
 
 Error: connect ECONNREFUSED 54.243.149.147:5432
    at Object.exports._errnoException (util.js:890:11)
    at exports._exceptionWithHostPort (util.js:913:20)
    at TCPConnectWrap.afterConnect [as oncomplete] (net.js:1061:14) 

2016-11-01 19:41 +00:00: 
ERROR: connect ECONNREFUSED 54.243.149.147:5432 
 
 Error: connect ECONNREFUSED 54.243.149.147:5432
    at Object.exports._errnoException (util.js:890:11)
    at exports._exceptionWithHostPort (util.js:913:20)
    at TCPConnectWrap.afterConnect [as oncomplete] (net.js:1061:14) 

2016-11-01 19:41 +00:00: 
ERROR: connect ECONNREFUSED 54.243.149.147:5432 
 
 Error: connect ECONNREFUSED 54.243.149.147:5432
    at Object.exports._errnoException (util.js:890:11)
    at exports._exceptionWithHostPort (util.js:913:20)
    at TCPConnectWrap.afterConnect [as oncomplete] (net.js:1061:14) 

2016-11-01 19:41 +00:00: 
ERROR: connect ECONNREFUSED 54.243.149.147:5432 
 
 Error: connect ECONNREFUSED 54.243.149.147:5432
    at Object.exports._errnoException (util.js:890:11)
    at exports._exceptionWithHostPort (util.js:913:20)
    at TCPConnectWrap.afterConnect [as oncomplete] (net.js:1061:14) 

2016-11-01 19:41 +00:00: 
ERROR: connect ECONNREFUSED 54.243.149.147:5432 
 
 Error: connect ECONNREFUSED 54.243.149.147:5432
    at Object.exports._errnoException (util.js:890:11)
    at exports._exceptionWithHostPort (util.js:913:20)
    at TCPConnectWrap.afterConnect [as oncomplete] (net.js:1061:14) 

2016-11-01 19:41 +00:00: 
ERROR: connect ECONNREFUSED 54.243.149.147:5432 
 
 Error: connect ECONNREFUSED 54.243.149.147:5432
    at Object.exports._errnoException (util.js:890:11)
    at exports._exceptionWithHostPort (util.js:913:20)
    at TCPConnectWrap.afterConnect [as oncomplete] (net.js:1061:14) 

2016-11-01 19:41 +00:00: 
ERROR: connect ECONNREFUSED 54.243.149.147:5432 
 
 Error: connect ECONNREFUSED 54.243.149.147:5432
    at Object.exports._errnoException (util.js:890:11)
    at exports._exceptionWithHostPort (util.js:913:20)
    at TCPConnectWrap.afterConnect [as oncomplete] (net.js:1061:14) 

2016-11-01 19:41 +00:00: 
ERROR: connect ECONNREFUSED 54.243.149.147:5432 
 
 Error: connect ECONNREFUSED 54.243.149.147:5432
    at Object.exports._errnoException (util.js:890:11)
    at exports._exceptionWithHostPort (util.js:913:20)
    at TCPConnectWrap.afterConnect [as oncomplete] (net.js:1061:14) 

2016-11-01 19:41 +00:00: 
ERROR: connect ECONNREFUSED 54.243.149.147:5432 
 
 Error: connect ECONNREFUSED 54.243.149.147:5432
    at Object.exports._errnoException (util.js:890:11)
    at exports._exceptionWithHostPort (util.js:913:20)
    at TCPConnectWrap.afterConnect [as oncomplete] (net.js:1061:14) 

2016-11-01 19:42 +00:00: 
ERROR: cannot execute CREATE TABLE in a read-only transaction 
 
 error: cannot execute CREATE TABLE in a read-only transaction
    at Connection.parseE (/srv/www/somenath-ghosh/node_modules/pg/lib/connection.js:534:11)
    at Connection.parseMessage (/srv/www/somenath-ghosh/node_modules/pg/lib/connection.js:361:17)
    at TLSSocket.<anonymous> (/srv/www/somenath-ghosh/node_modules/pg/lib/connection.js:105:22)
    at emitOne (events.js:90:13)
    at TLSSocket.emit (events.js:182:7)
    at readableAddChunk (_stream_readable.js:153:18)
    at TLSSocket.Readable.push (_stream_readable.js:111:10)
    at TLSWrap.onread (net.js:531:20) 

2016-11-01 19:42 +00:00: 
ERROR: cannot execute UPDATE in a read-only transaction 
 The app will not be loaded 
 Check with the app creator, or read the app documentation for more details on app requirements 

2017-01-27 09:36 +00:00: 
ERROR: Invalid refresh token. 
 
 Error
    at Error.NoPermissionError (/srv/www/somenath-ghosh/core/server/errors/no-permission-error.js:6:18)
    at then (/srv/www/somenath-ghosh/core/server/middleware/oauth.js:64:33)
    at tryCatcher (/srv/www/somenath-ghosh/node_modules/bluebird/js/main/util.js:24:31)
    at Promise._settlePromiseFromHandler (/srv/www/somenath-ghosh/node_modules/bluebird/js/main/promise.js:454:31)
    at Promise._settlePromiseAt (/srv/www/somenath-ghosh/node_modules/bluebird/js/main/promise.js:530:18)
    at Async._drainQueue (/srv/www/somenath-ghosh/node_modules/bluebird/js/main/async.js:182:12)
    at Async._drainQueues (/srv/www/somenath-ghosh/node_modules/bluebird/js/main/async.js:187:10)
    at Immediate.Async.drainQueues [as _onImmediate] (/srv/www/somenath-ghosh/node_modules/bluebird/js/main/async.js:15:14)
    at tryOnImmediate (timers.js:534:15)
    at processImmediate [as _immediateCallback] (timers.js:514:5) 

2017-01-27 09:36 +00:00: 
ERROR: Please Sign In 
 

2017-01-27 09:36 +00:00: 
ERROR: Please Sign In 
 

2017-01-27 09:36 +00:00: 
ERROR: Please Sign In 
 

2017-01-27 09:36 +00:00: 
ERROR: Please Sign In 
 

2017-01-27 09:36 +00:00: 
ERROR: You do not have permission to dismiss this notification. 
 
 Error
    at Error.NoPermissionError (/srv/www/somenath-ghosh/core/server/errors/no-permission-error.js:6:18)
    at destroyNotification (/srv/www/somenath-ghosh/core/server/api/notifications.js:143:21)
    at runTask (/srv/www/somenath-ghosh/core/server/utils/pipeline.js:8:24)
    at /srv/www/somenath-ghosh/core/server/utils/pipeline.js:15:32
    at tryCatcher (/srv/www/somenath-ghosh/node_modules/bluebird/js/main/util.js:24:31)
    at ReductionPromiseArray._promiseFulfilled (/srv/www/somenath-ghosh/node_modules/bluebird/js/main/reduce.js:107:18)
    at Promise._settlePromiseAt (/srv/www/somenath-ghosh/node_modules/bluebird/js/main/promise.js:535:26)
    at Promise._settlePromises (/srv/www/somenath-ghosh/node_modules/bluebird/js/main/promise.js:646:14)
    at Async._drainQueue (/srv/www/somenath-ghosh/node_modules/bluebird/js/main/async.js:177:16)
    at Async._drainQueues (/srv/www/somenath-ghosh/node_modules/bluebird/js/main/async.js:187:10)
    at Immediate.Async.drainQueues [as _onImmediate] (/srv/www/somenath-ghosh/node_modules/bluebird/js/main/async.js:15:14)
    at tryOnImmediate (timers.js:534:15)
    at processImmediate [as _immediateCallback] (timers.js:514:5) 

2017-01-27 09:36 +00:00: 
ERROR: Please Sign In 
 

2017-01-27 09:36 +00:00: 
ERROR: You do not have permission to dismiss this notification. 
 
 Error
    at Error.NoPermissionError (/srv/www/somenath-ghosh/core/server/errors/no-permission-error.js:6:18)
    at destroyNotification (/srv/www/somenath-ghosh/core/server/api/notifications.js:143:21)
    at runTask (/srv/www/somenath-ghosh/core/server/utils/pipeline.js:8:24)
    at /srv/www/somenath-ghosh/core/server/utils/pipeline.js:15:32
    at tryCatcher (/srv/www/somenath-ghosh/node_modules/bluebird/js/main/util.js:24:31)
    at ReductionPromiseArray._promiseFulfilled (/srv/www/somenath-ghosh/node_modules/bluebird/js/main/reduce.js:107:18)
    at Promise._settlePromiseAt (/srv/www/somenath-ghosh/node_modules/bluebird/js/main/promise.js:535:26)
    at Promise._settlePromises (/srv/www/somenath-ghosh/node_modules/bluebird/js/main/promise.js:646:14)
    at Async._drainQueue (/srv/www/somenath-ghosh/node_modules/bluebird/js/main/async.js:177:16)
    at Async._drainQueues (/srv/www/somenath-ghosh/node_modules/bluebird/js/main/async.js:187:10)
    at Immediate.Async.drainQueues [as _onImmediate] (/srv/www/somenath-ghosh/node_modules/bluebird/js/main/async.js:15:14)
    at tryOnImmediate (timers.js:534:15)
    at processImmediate [as _immediateCallback] (timers.js:514:5) 

2017-01-27 09:36 +00:00: 
ERROR: Please Sign In 
 

2017-01-27 09:36 +00:00: 
ERROR: Please Sign In 
 

2017-01-27 09:36 +00:00: 
ERROR: Please Sign In 
 

2017-01-27 09:37 +00:00: 
ERROR: Please Sign In 
 

2017-01-27 09:37 +00:00: 
ERROR: Please Sign In 
 

